<?xml version="1.0" encoding="UTF-8"?>
<!-- Generated by org.testng.reporters.JUnitReportReporter -->
<testsuite hostname="DESKTOP-RQ98LLH" failures="0" tests="1" name="runner.TC010_VerfyEmiCalculator" time="11.469" errors="0" timestamp="2022-03-27T16:41:55 IST" skipped="0">
  <testcase classname="runner.TC010_VerfyEmiCalculator" name="emiCalculator" time="11.469"/>
  <system-out/>
</testsuite> <!-- runner.TC010_VerfyEmiCalculator -->
