<?xml version="1.0" encoding="UTF-8"?>
<!-- Generated by org.testng.reporters.JUnitReportReporter -->
<testsuite hostname="DESKTOP-RQ98LLH" failures="0" tests="3" name="runner.TC001_Login" time="41.391" errors="0" timestamp="2022-03-27T16:41:55 IST" skipped="0">
  <testcase classname="runner.TC001_Login" name="loginTest" time="13.625"/>
  <system-out/>
  <testcase classname="runner.TC001_Login" name="loginTest" time="11.771"/>
  <system-out/>
  <testcase classname="runner.TC001_Login" name="loginTest" time="15.995"/>
  <system-out/>
</testsuite> <!-- runner.TC001_Login -->
