<?xml version="1.0" encoding="UTF-8"?>
<!-- Generated by org.testng.reporters.JUnitReportReporter -->
<testsuite hostname="DESKTOP-RQ98LLH" failures="0" tests="2" name="runner.TC007_BuildersVerifyCity" time="35.532" errors="0" timestamp="2022-03-27T16:41:55 IST" skipped="0">
  <testcase classname="runner.TC007_BuildersVerifyCity" name="getBuilderProperties" time="20.169"/>
  <system-out/>
  <testcase classname="runner.TC007_BuildersVerifyCity" name="getBuilderProperties" time="15.363"/>
  <system-out/>
</testsuite> <!-- runner.TC007_BuildersVerifyCity -->
