<?xml version="1.0" encoding="UTF-8"?>
<!-- Generated by org.testng.reporters.JUnitReportReporter -->
<testsuite hostname="DESKTOP-BDAFN5M" failures="0" tests="1" name="runner.TC007_ReultBuilderVerifyCity" time="38.569" errors="0" timestamp="2022-03-25T22:41:48 IST" skipped="0">
  <testcase classname="runner.TC007_ReultBuilderVerifyCity" name="getBuilderProperties" time="38.569"/>
  <system-out/>
</testsuite> <!-- runner.TC007_ReultBuilderVerifyCity -->
