<?xml version="1.0" encoding="UTF-8"?>
<!-- Generated by org.testng.reporters.JUnitReportReporter -->
<testsuite hostname="DESKTOP-RQ98LLH" failures="0" tests="1" name="runner.TC009SearchRentProperties" time="18.936" errors="0" timestamp="2022-03-27T16:41:55 IST" skipped="0">
  <testcase classname="runner.TC009SearchRentProperties" name="searchRentProperties" time="18.936"/>
  <system-out/>
</testsuite> <!-- runner.TC009SearchRentProperties -->
