<?xml version="1.0" encoding="UTF-8"?>
<!-- Generated by org.testng.reporters.JUnitReportReporter -->
<testsuite hostname="DESKTOP-RQ98LLH" failures="0" tests="1" name="runner.TC003_VerfiyFanPagesWorking" time="125.673" errors="0" timestamp="2022-03-27T20:17:19 IST" skipped="0">
  <testcase classname="runner.TC003_VerfiyFanPagesWorking" name="verifyFanPages" time="125.673"/>
  <system-out/>
</testsuite> <!-- runner.TC003_VerfiyFanPagesWorking -->
