<?xml version="1.0" encoding="UTF-8"?>
<!-- Generated by org.testng.reporters.JUnitReportReporter -->
<testsuite hostname="DESKTOP-RQ98LLH" failures="0" tests="3" name="runner.TC002_Login_with_Invalid_data" time="44.636" errors="0" timestamp="2022-03-27T16:41:55 IST" skipped="0">
  <testcase classname="runner.TC002_Login_with_Invalid_data" name="loginTest" time="15.664"/>
  <system-out/>
  <testcase classname="runner.TC002_Login_with_Invalid_data" name="loginTest" time="15.089"/>
  <system-out/>
  <testcase classname="runner.TC002_Login_with_Invalid_data" name="loginTest" time="13.883"/>
  <system-out/>
</testsuite> <!-- runner.TC002_Login_with_Invalid_data -->
