<?xml version="1.0" encoding="UTF-8"?>
<!-- Generated by org.testng.reporters.JUnitReportReporter -->
<testsuite hostname="DESKTOP-RQ98LLH" failures="0" tests="1" name="runner.TC008_DownloadAndrodApp" time="14.023" errors="0" timestamp="2022-03-27T20:17:19 IST" skipped="0">
  <testcase classname="runner.TC008_DownloadAndrodApp" name="downloadAndroidApp" time="14.023"/>
  <system-out/>
</testsuite> <!-- runner.TC008_DownloadAndrodApp -->
